<?xml version="1.0" encoding="UTF-8" ?>
<testsuite failures="0" time="4.383" errors="0" skipped="0" tests="21" name="TestSuite">
  <properties>
    <property name="java.runtime.name" value="Java(TM) SE Runtime Environment"/>
    <property name="sun.boot.library.path" value="/System/Library/Frameworks/JavaVM.framework/Versions/1.6.0/Libraries"/>
    <property name="java.vm.version" value="14.3-b01-101"/>
    <property name="awt.nativeDoubleBuffering" value="true"/>
    <property name="gopherProxySet" value="false"/>
    <property name="mrj.build" value="10M3025"/>
    <property name="java.vm.vendor" value="Apple Inc."/>
    <property name="java.vendor.url" value="http://www.apple.com/"/>
    <property name="path.separator" value=":"/>
    <property name="java.vm.name" value="Java HotSpot(TM) 64-Bit Server VM"/>
    <property name="file.encoding.pkg" value="sun.io"/>
    <property name="user.country" value="US"/>
    <property name="sun.java.launcher" value="SUN_STANDARD"/>
    <property name="sun.os.patch.level" value="unknown"/>
    <property name="java.vm.specification.name" value="Java Virtual Machine Specification"/>
    <property name="user.dir" value="/Users/toddkaufman/Projects/tdd/blog"/>
    <property name="java.runtime.version" value="1.6.0_17-b04-248-10M3025"/>
    <property name="java.awt.graphicsenv" value="apple.awt.CGraphicsEnvironment"/>
    <property name="basedir" value="/Users/toddkaufman/Projects/tdd/blog"/>
    <property name="java.endorsed.dirs" value="/System/Library/Frameworks/JavaVM.framework/Versions/1.6.0/Home/lib/endorsed"/>
    <property name="os.arch" value="x86_64"/>
    <property name="surefire.real.class.path" value="/var/folders/Bs/BscSuXeSH7mwB2ic+HFzYU+++TI/-Tmp-/surefirebooter930577025265306708.jar"/>
    <property name="java.io.tmpdir" value="/var/folders/Bs/BscSuXeSH7mwB2ic+HFzYU+++TI/-Tmp-/"/>
    <property name="line.separator" value="
"/>
    <property name="java.vm.specification.vendor" value="Sun Microsystems Inc."/>
    <property name="os.name" value="Mac OS X"/>
    <property name="sun.jnu.encoding" value="MacRoman"/>
    <property name="java.library.path" value=".:/Library/Java/Extensions:/System/Library/Java/Extensions:/usr/lib/java"/>
    <property name="surefire.test.class.path" value="/Users/toddkaufman/Projects/tdd/blog/target/test-classes:/Users/toddkaufman/Projects/tdd/blog/target/classes:/Users/toddkaufman/.m2/repository/commons-lang/commons-lang/2.4/commons-lang-2.4.jar:/Users/toddkaufman/.m2/repository/org/springframework/spring-core/2.5.6/spring-core-2.5.6.jar:/Users/toddkaufman/.m2/repository/commons-logging/commons-logging/1.1.1/commons-logging-1.1.1.jar:/Users/toddkaufman/.m2/repository/org/springframework/spring-orm/2.5.6/spring-orm-2.5.6.jar:/Users/toddkaufman/.m2/repository/aopalliance/aopalliance/1.0/aopalliance-1.0.jar:/Users/toddkaufman/.m2/repository/org/springframework/spring-beans/2.5.6/spring-beans-2.5.6.jar:/Users/toddkaufman/.m2/repository/org/springframework/spring-context/2.5.6/spring-context-2.5.6.jar:/Users/toddkaufman/.m2/repository/org/springframework/spring-tx/2.5.6/spring-tx-2.5.6.jar:/Users/toddkaufman/.m2/repository/org/springframework/spring-jdbc/2.5.6/spring-jdbc-2.5.6.jar:/Users/toddkaufman/.m2/repository/mysql/mysql-connector-java/5.1.10/mysql-connector-java-5.1.10.jar:/Users/toddkaufman/.m2/repository/org/hibernate/hibernate/3.1.3/hibernate-3.1.3.jar:/Users/toddkaufman/.m2/repository/ehcache/ehcache/1.1/ehcache-1.1.jar:/Users/toddkaufman/.m2/repository/cglib/cglib/2.1_3/cglib-2.1_3.jar:/Users/toddkaufman/.m2/repository/asm/asm/1.5.3/asm-1.5.3.jar:/Users/toddkaufman/.m2/repository/asm/asm-attrs/1.5.3/asm-attrs-1.5.3.jar:/Users/toddkaufman/.m2/repository/commons-collections/commons-collections/2.1.1/commons-collections-2.1.1.jar:/Users/toddkaufman/.m2/repository/dom4j/dom4j/1.6.1/dom4j-1.6.1.jar:/Users/toddkaufman/.m2/repository/javax/transaction/jta/1.0.1B/jta-1.0.1B.jar:/Users/toddkaufman/.m2/repository/antlr/antlr/2.7.6rc1/antlr-2.7.6rc1.jar:/Users/toddkaufman/.m2/repository/commons-dbcp/commons-dbcp/1.2.2/commons-dbcp-1.2.2.jar:/Users/toddkaufman/.m2/repository/commons-pool/commons-pool/1.3/commons-pool-1.3.jar:/Users/toddkaufman/.m2/repository/javax/servlet/servlet-api/2.5/servlet-api-2.5.jar:/Users/toddkaufman/.m2/repository/org/testng/testng/5.9/testng-5.9-jdk15.jar:/Users/toddkaufman/.m2/repository/junit/junit/3.8.1/junit-3.8.1.jar:/Users/toddkaufman/.m2/repository/org/hamcrest/hamcrest-all/1.2/hamcrest-all-1.2.jar:/Users/toddkaufman/.m2/repository/org/mockito/mockito-all/1.8.1/mockito-all-1.8.1.jar:/Users/toddkaufman/.m2/repository/org/powermock/modules/powermock-module-testng/1.3.5/powermock-module-testng-1.3.5.jar:/Users/toddkaufman/.m2/repository/org/powermock/powermock-core/1.3.5/powermock-core-1.3.5.jar:/Users/toddkaufman/.m2/repository/org/powermock/reflect/powermock-reflect/1.3.5/powermock-reflect-1.3.5.jar:/Users/toddkaufman/.m2/repository/org/objenesis/objenesis/1.1/objenesis-1.1.jar:/Users/toddkaufman/.m2/repository/javassist/javassist/3.10.0.GA/javassist-3.10.0.GA.jar:/Users/toddkaufman/.m2/repository/org/powermock/api/powermock-api-mockito/1.3.5/powermock-api-mockito-1.3.5.jar:/Users/toddkaufman/.m2/repository/org/powermock/api/powermock-api-support/1.3.5/powermock-api-support-1.3.5.jar:/Users/toddkaufman/.m2/repository/org/springframework/spring-test/2.5.6/spring-test-2.5.6.jar:"/>
    <property name="java.specification.name" value="Java Platform API Specification"/>
    <property name="java.class.version" value="50.0"/>
    <property name="sun.management.compiler" value="HotSpot 64-Bit Server Compiler"/>
    <property name="os.version" value="10.6.2"/>
    <property name="http.nonProxyHosts" value="local|*.local|169.254/16|*.169.254/16"/>
    <property name="user.home" value="/Users/toddkaufman"/>
    <property name="user.timezone" value="America/New_York"/>
    <property name="java.awt.printerjob" value="apple.awt.CPrinterJob"/>
    <property name="java.specification.version" value="1.6"/>
    <property name="file.encoding" value="MacRoman"/>
    <property name="user.name" value="toddkaufman"/>
    <property name="java.class.path" value="/Users/toddkaufman/Projects/tdd/blog/target/test-classes:/Users/toddkaufman/Projects/tdd/blog/target/classes:/Users/toddkaufman/.m2/repository/commons-lang/commons-lang/2.4/commons-lang-2.4.jar:/Users/toddkaufman/.m2/repository/org/springframework/spring-core/2.5.6/spring-core-2.5.6.jar:/Users/toddkaufman/.m2/repository/commons-logging/commons-logging/1.1.1/commons-logging-1.1.1.jar:/Users/toddkaufman/.m2/repository/org/springframework/spring-orm/2.5.6/spring-orm-2.5.6.jar:/Users/toddkaufman/.m2/repository/aopalliance/aopalliance/1.0/aopalliance-1.0.jar:/Users/toddkaufman/.m2/repository/org/springframework/spring-beans/2.5.6/spring-beans-2.5.6.jar:/Users/toddkaufman/.m2/repository/org/springframework/spring-context/2.5.6/spring-context-2.5.6.jar:/Users/toddkaufman/.m2/repository/org/springframework/spring-tx/2.5.6/spring-tx-2.5.6.jar:/Users/toddkaufman/.m2/repository/org/springframework/spring-jdbc/2.5.6/spring-jdbc-2.5.6.jar:/Users/toddkaufman/.m2/repository/mysql/mysql-connector-java/5.1.10/mysql-connector-java-5.1.10.jar:/Users/toddkaufman/.m2/repository/org/hibernate/hibernate/3.1.3/hibernate-3.1.3.jar:/Users/toddkaufman/.m2/repository/ehcache/ehcache/1.1/ehcache-1.1.jar:/Users/toddkaufman/.m2/repository/cglib/cglib/2.1_3/cglib-2.1_3.jar:/Users/toddkaufman/.m2/repository/asm/asm/1.5.3/asm-1.5.3.jar:/Users/toddkaufman/.m2/repository/asm/asm-attrs/1.5.3/asm-attrs-1.5.3.jar:/Users/toddkaufman/.m2/repository/commons-collections/commons-collections/2.1.1/commons-collections-2.1.1.jar:/Users/toddkaufman/.m2/repository/dom4j/dom4j/1.6.1/dom4j-1.6.1.jar:/Users/toddkaufman/.m2/repository/javax/transaction/jta/1.0.1B/jta-1.0.1B.jar:/Users/toddkaufman/.m2/repository/antlr/antlr/2.7.6rc1/antlr-2.7.6rc1.jar:/Users/toddkaufman/.m2/repository/commons-dbcp/commons-dbcp/1.2.2/commons-dbcp-1.2.2.jar:/Users/toddkaufman/.m2/repository/commons-pool/commons-pool/1.3/commons-pool-1.3.jar:/Users/toddkaufman/.m2/repository/javax/servlet/servlet-api/2.5/servlet-api-2.5.jar:/Users/toddkaufman/.m2/repository/org/testng/testng/5.9/testng-5.9-jdk15.jar:/Users/toddkaufman/.m2/repository/junit/junit/3.8.1/junit-3.8.1.jar:/Users/toddkaufman/.m2/repository/org/hamcrest/hamcrest-all/1.2/hamcrest-all-1.2.jar:/Users/toddkaufman/.m2/repository/org/mockito/mockito-all/1.8.1/mockito-all-1.8.1.jar:/Users/toddkaufman/.m2/repository/org/powermock/modules/powermock-module-testng/1.3.5/powermock-module-testng-1.3.5.jar:/Users/toddkaufman/.m2/repository/org/powermock/powermock-core/1.3.5/powermock-core-1.3.5.jar:/Users/toddkaufman/.m2/repository/org/powermock/reflect/powermock-reflect/1.3.5/powermock-reflect-1.3.5.jar:/Users/toddkaufman/.m2/repository/org/objenesis/objenesis/1.1/objenesis-1.1.jar:/Users/toddkaufman/.m2/repository/javassist/javassist/3.10.0.GA/javassist-3.10.0.GA.jar:/Users/toddkaufman/.m2/repository/org/powermock/api/powermock-api-mockito/1.3.5/powermock-api-mockito-1.3.5.jar:/Users/toddkaufman/.m2/repository/org/powermock/api/powermock-api-support/1.3.5/powermock-api-support-1.3.5.jar:/Users/toddkaufman/.m2/repository/org/springframework/spring-test/2.5.6/spring-test-2.5.6.jar:"/>
    <property name="java.vm.specification.version" value="1.0"/>
    <property name="sun.arch.data.model" value="64"/>
    <property name="java.home" value="/System/Library/Frameworks/JavaVM.framework/Versions/1.6.0/Home"/>
    <property name="java.specification.vendor" value="Sun Microsystems Inc."/>
    <property name="user.language" value="en"/>
    <property name="awt.toolkit" value="apple.awt.CToolkit"/>
    <property name="java.vm.info" value="mixed mode"/>
    <property name="java.version" value="1.6.0_17"/>
    <property name="java.ext.dirs" value="/Library/Java/Extensions:/System/Library/Java/Extensions:/System/Library/Frameworks/JavaVM.framework/Versions/1.6.0/Home/lib/ext"/>
    <property name="sun.boot.class.path" value="/System/Library/Frameworks/JavaVM.framework/Versions/1.6.0/Classes/jsfd.jar:/System/Library/Frameworks/JavaVM.framework/Versions/1.6.0/Classes/classes.jar:/System/Library/Frameworks/JavaVM.framework/Frameworks/JavaRuntimeSupport.framework/Resources/Java/JavaRuntimeSupport.jar:/System/Library/Frameworks/JavaVM.framework/Versions/1.6.0/Classes/ui.jar:/System/Library/Frameworks/JavaVM.framework/Versions/1.6.0/Classes/laf.jar:/System/Library/Frameworks/JavaVM.framework/Versions/1.6.0/Classes/sunrsasign.jar:/System/Library/Frameworks/JavaVM.framework/Versions/1.6.0/Classes/jsse.jar:/System/Library/Frameworks/JavaVM.framework/Versions/1.6.0/Classes/jce.jar:/System/Library/Frameworks/JavaVM.framework/Versions/1.6.0/Classes/charsets.jar"/>
    <property name="java.vendor" value="Apple Inc."/>
    <property name="localRepository" value="/Users/toddkaufman/.m2/repository"/>
    <property name="file.separator" value="/"/>
    <property name="java.vendor.url.bug" value="http://bugreport.apple.com/"/>
    <property name="sun.cpu.endian" value="little"/>
    <property name="sun.io.unicode.encoding" value="UnicodeLittle"/>
    <property name="mrj.version" value="1060.1.6.0_17-248"/>
    <property name="socksNonProxyHosts" value="local|*.local|169.254/16|*.169.254/16"/>
    <property name="ftp.nonProxyHosts" value="local|*.local|169.254/16|*.169.254/16"/>
    <property name="sun.cpu.isalist" value=""/>
  </properties>
  <testcase time="0.016" classname="com.pillartech.blog.LoginServiceTest" name="shouldNotLoginBadPasswords"/>
  <testcase time="0.005" classname="com.pillartech.blog.LoginServiceTest" name="shouldNotInactivateUsersAfterThreeTotalFailedPasswords_RepetitiveApproach"/>
  <testcase time="0.006" classname="com.pillartech.blog.LoginServiceTest" name="shouldNotInactivateUsersAfterThreeTotalFailedPasswords_CustomMatcherApproach"/>
  <testcase time="0.012" classname="com.pillartech.blog.LoginServiceTest" name="shouldInactivateAfterThreeFailedPasswords"/>
  <testcase time="0.001" classname="com.pillartech.blog.LoginServiceTest" name="shouldThrowAnExceptionIfAccountIsNotFound"/>
  <testcase time="0.003" classname="com.pillartech.blog.LoginServiceTest" name="shouldLoginValidPasswords"/>
  <testcase time="0.002" classname="com.pillartech.blog.LoginServiceTest" name="shouldThrowBusinessExceptionIfDatabaseIsDown"/>
  <testcase time="0.002" classname="com.pillartech.blog.LoginServiceTest" name="shouldThrowAnExceptionIfAccountIsInactive"/>
  <testcase time="0.011" classname="com.pillartech.blog.ui.AuthenticationFilterTest" name="testWithUserInSessionPassesThrough"/>
  <testcase time="0.001" classname="com.pillartech.blog.ui.AuthenticationFilterTest" name="testWithoutUserInSessionRedirectsToLogin"/>
  <testcase time="0" classname="com.pillartech.blog.ui.AuthenticationFilterTest" name="testGoingToLoginBlindlyPassesThrough"/>
  <testcase time="0.096" classname="com.pillartech.blog.dao.AccountDaoTest" name="testUpdateChangesTheDbRow"/>
  <testcase time="0.023" classname="com.pillartech.blog.dao.AccountDaoTest" name="testCreateAccountAddsARow"/>
  <testcase time="0.006" classname="com.pillartech.blog.dao.AccountDaoTest" name="testCreateAccountPopulatesAllFields"/>
  <testcase time="0.008" classname="com.pillartech.blog.dao.AccountDaoTest" name="testDeleteAccountLeavesNoTrace"/>
  <testcase time="0.118" classname="com.pillartech.blog.dao.AccountDaoTest" name="testFindByUsernameReturnsNullWithNothingInTheDb"/>
  <testcase time="0.031" classname="com.pillartech.blog.dao.AccountDaoTest" name="testFindByUsernameReturnsTheCorrectRow"/>
  <testcase time="0.006" classname="com.pillartech.blog.dao.AccountDaoTest" name="testDeleteAccountRemovesARow"/>
  <testcase time="0.003" classname="com.pillartech.blog.dao.AccountDaoTest" name="testCreateAccountPopulatesTheId"/>
  <testcase time="0.006" classname="com.pillartech.blog.dao.AccountDaoTest" name="testFindByUsernameLimitsByUsername"/>
  <testcase time="0.007" classname="com.pillartech.blog.dao.AccountDaoTest" name="testUpdateLeavesTheSameNumberOfRows"/>
</testsuite>